2019-04-02 10:43:32,537 [Worker-2] INFO  o.e.m.c.i.l.LifecycleMappingFactory - Using org.eclipse.m2e.jdt.JarLifecycleMapping lifecycle mapping for MavenProject: org.openmrs.module:PSI-api:1.0-SNAPSHOT @ /home/proshanto/projectOpensrp/openmrs-module/PSI/PSI/api/pom.xml.
2019-04-02 10:43:33,361 [Worker-2] INFO  o.e.m.c.i.l.LifecycleMappingFactory - Using org.eclipse.m2e.jdt.JarLifecycleMapping lifecycle mapping for MavenProject: org.openmrs.module:PSI-omod:1.0-SNAPSHOT @ /home/proshanto/projectOpensrp/openmrs-module/PSI/PSI/omod/pom.xml.
2019-04-02 10:43:34,074 [Worker-2] INFO  o.e.m.j.i.AbstractJavaProjectConfigurator - Adding source folder /api/src/main/java
2019-04-02 10:43:34,074 [Worker-2] INFO  o.e.m.j.i.AbstractJavaProjectConfigurator - Adding resource folder /api/src/main/resources
2019-04-02 10:43:34,078 [Worker-2] INFO  o.e.m.j.i.AbstractJavaProjectConfigurator - Adding source folder /api/src/test/java
2019-04-02 10:43:34,767 [Worker-2] INFO  o.e.m.j.i.AbstractJavaProjectConfigurator - Adding source folder /omod/src/main/java
2019-04-02 10:43:34,767 [Worker-2] INFO  o.e.m.j.i.AbstractJavaProjectConfigurator - Adding resource folder /omod/src/main/resources
2019-04-02 10:43:34,769 [Worker-2] INFO  o.e.m.j.i.AbstractJavaProjectConfigurator - Adding resource folder /omod/src/main/webapp
2019-04-02 10:43:34,766 [Worker-1] INFO  o.e.m.c.i.l.LifecycleMappingFactory - Using org.eclipse.m2e.jdt.JarLifecycleMapping lifecycle mapping for MavenProject: org.openmrs.module:PSI-api:1.0-SNAPSHOT @ /home/proshanto/projectOpensrp/openmrs-module/PSI/PSI/api/pom.xml.
2019-04-02 10:43:34,783 [Worker-2] INFO  o.e.m.j.i.AbstractJavaProjectConfigurator - Adding resource folder /omod/src/main/webapp
2019-04-02 10:43:34,788 [Worker-2] INFO  o.e.m.j.i.AbstractJavaProjectConfigurator - Adding source folder /omod/src/test/java
2019-04-02 10:43:35,021 [Worker-2] INFO  o.e.m.c.i.p.ProjectConfigurationManager - Imported and configured 2 project(s) in 3 sec
2019-04-02 10:43:35,445 [Worker-1] INFO  o.e.m.c.i.l.LifecycleMappingFactory - Using org.eclipse.m2e.jdt.JarLifecycleMapping lifecycle mapping for MavenProject: org.openmrs.module:PSI-omod:1.0-SNAPSHOT @ /home/proshanto/projectOpensrp/openmrs-module/PSI/PSI/omod/pom.xml.
2019-04-02 10:43:36,861 [Worker-4] INFO  o.e.m.c.i.embedder.EclipseLogger - Using 'UTF-8' encoding to copy filtered resources.
2019-04-02 10:43:36,871 [Worker-4] INFO  o.e.m.c.i.embedder.EclipseLogger - Copying 7 resources
2019-04-02 10:43:36,916 [Worker-4] INFO  o.e.m.c.i.embedder.EclipseLogger - Using 'UTF-8' encoding to copy filtered resources.
2019-04-02 10:43:36,917 [Worker-4] INFO  o.e.m.c.i.embedder.EclipseLogger - skip non existing resourceDirectory /home/proshanto/projectOpensrp/openmrs-module/PSI/PSI/api/src/test/resources
2019-04-02 10:43:38,099 [Worker-4] INFO  o.e.m.c.i.embedder.EclipseLogger - Using 'UTF-8' encoding to copy filtered resources.
2019-04-02 10:43:38,100 [Worker-4] INFO  o.e.m.c.i.embedder.EclipseLogger - Copying 2 resources
2019-04-02 10:43:38,135 [Worker-4] INFO  o.e.m.c.i.embedder.EclipseLogger - Copying 2 resources to web/module
2019-04-02 10:43:38,137 [Worker-4] INFO  o.e.m.c.i.embedder.EclipseLogger - Copying 0 resource to web/module
2019-04-02 10:43:38,140 [Worker-4] INFO  o.e.m.c.i.embedder.EclipseLogger - Using 'UTF-8' encoding to copy filtered resources.
2019-04-02 10:43:38,141 [Worker-4] INFO  o.e.m.c.i.embedder.EclipseLogger - skip non existing resourceDirectory /home/proshanto/projectOpensrp/openmrs-module/PSI/PSI/omod/src/test/resources
